<?xml version="1.0" encoding="UTF-8"?>
<!-- Generated by org.testng.reporters.JUnitReportReporter -->
<testsuite hostname="RBL20119LAP04" name="androidNativeApps.Install_Swatch" tests="1" failures="0" timestamp="20 Feb 2019 07:13:43 GMT" time="56.092" errors="0">
  <testcase name="Launch_URL" time="56.092" classname="androidNativeApps.Install_Swatch"/>
</testsuite> <!-- androidNativeApps.Install_Swatch -->
