<?xml version="1.0" encoding="UTF-8"?>
<!-- Generated by org.testng.reporters.JUnitReportReporter -->
<testsuite hostname="RBL20119LAP04" name="androidNativeApps.Install_APK" tests="1" failures="0" timestamp="19 Feb 2019 16:15:24 GMT" time="18.931" errors="0">
  <testcase name="Launch_URL" time="18.931" classname="androidNativeApps.Install_APK"/>
</testsuite> <!-- androidNativeApps.Install_APK -->
