<?xml version="1.0" encoding="UTF-8"?>
<!-- Generated by org.testng.reporters.JUnitReportReporter -->
<testsuite skipped="0" hostname="BANUSHALAP078" name="androidNativeApps.AppiumDemoTest" tests="1" failures="0" timestamp="21 Feb 2019 15:08:55 GMT" time="68.499" errors="0">
  <testcase name="Launch_URL" time="68.499" classname="androidNativeApps.AppiumDemoTest"/>
</testsuite> <!-- androidNativeApps.AppiumDemoTest -->
