<?xml version="1.0" encoding="UTF-8"?>
<!-- Generated by org.testng.reporters.JUnitReportReporter -->
<testsuite hostname="RBL20119LAP04" name="androidNativeApps.SampleTest" tests="1" failures="0" timestamp="19 Feb 2019 16:14:55 GMT" time="25.546" errors="0">
  <testcase name="Sample" time="25.546" classname="androidNativeApps.SampleTest"/>
</testsuite> <!-- androidNativeApps.SampleTest -->
